<?xml version="1.0" encoding="UTF-8"?>
<!-- Generated by org.testng.reporters.JUnitReportReporter -->
<testsuite hostname="DESKTOP-8SPPHU4" name="TestNG.NewTest" tests="1" failures="0" timestamp="30 Apr 2020 14:36:13 GMT" time="16.705" errors="0">
  <testcase name="verifysite" time="16.705" classname="TestNG.NewTest"/>
</testsuite> <!-- TestNG.NewTest -->
